Operation mode:  cpu
2
/home/maksim/Calculation-module-based-on-PINN-neural-network-architecture/.venv/lib64/python3.12/site-packages/torch/nn/utils/weight_norm.py:143: FutureWarning: `torch.nn.utils.weight_norm` is deprecated in favor of `torch.nn.utils.parametrizations.weight_norm`.
  WeightNorm.apply(module, name, dim)
  0%|                                                                                                                                                         | 0/100000 [00:00<?, ?it/s]
Train loss: 0.5459659099578857
Traceback (most recent call last):
  File "/home/maksim/Calculation-module-based-on-PINN-neural-network-architecture/.venv/lib64/python3.12/site-packages/scipy/io/matlab/_mio.py", line 39, in _open_file
    return open(file_like, mode), True
           ^^^^^^^^^^^^^^^^^^^^^
FileNotFoundError: [Errno 2] No such file or directory: './data/AC.mat'

During handling of the above exception, another exception occurred:

Traceback (most recent call last):
  File "/home/maksim/Calculation-module-based-on-PINN-neural-network-architecture/allen_cahn equation/moduled/allen_cahn.py", line 174, in <module>
    l2 = calculateL2()
         ^^^^^^^^^^^^^
  File "/home/maksim/Calculation-module-based-on-PINN-neural-network-architecture/allen_cahn equation/moduled/allen_cahn.py", line 141, in calculateL2
    data = scipy.io.loadmat('./data/AC.mat')
           ^^^^^^^^^^^^^^^^^^^^^^^^^^^^^^^^^
  File "/home/maksim/Calculation-module-based-on-PINN-neural-network-architecture/.venv/lib64/python3.12/site-packages/scipy/io/matlab/_mio.py", line 225, in loadmat
    with _open_file_context(file_name, appendmat) as f:
         ^^^^^^^^^^^^^^^^^^^^^^^^^^^^^^^^^^^^^^^^
  File "/usr/lib64/python3.12/contextlib.py", line 137, in __enter__
    return next(self.gen)
           ^^^^^^^^^^^^^^
  File "/home/maksim/Calculation-module-based-on-PINN-neural-network-architecture/.venv/lib64/python3.12/site-packages/scipy/io/matlab/_mio.py", line 17, in _open_file_context
    f, opened = _open_file(file_like, appendmat, mode)
                ^^^^^^^^^^^^^^^^^^^^^^^^^^^^^^^^^^^^^^
  File "/home/maksim/Calculation-module-based-on-PINN-neural-network-architecture/.venv/lib64/python3.12/site-packages/scipy/io/matlab/_mio.py", line 45, in _open_file
    return open(file_like, mode), True
           ^^^^^^^^^^^^^^^^^^^^^
FileNotFoundError: [Errno 2] No such file or directory: './data/AC.mat'
